[2023-11-23T18:28:11.880+0000] {taskinstance.py:1083} INFO - Dependencies all met for <TaskInstance: extrair_logs_airflow.extrair_logs_dag_conexao manual__2023-11-23T18:28:08.526678+00:00 [queued]>
[2023-11-23T18:28:11.893+0000] {taskinstance.py:1083} INFO - Dependencies all met for <TaskInstance: extrair_logs_airflow.extrair_logs_dag_conexao manual__2023-11-23T18:28:08.526678+00:00 [queued]>
[2023-11-23T18:28:11.893+0000] {taskinstance.py:1279} INFO - 
--------------------------------------------------------------------------------
[2023-11-23T18:28:11.893+0000] {taskinstance.py:1280} INFO - Starting attempt 1 of 2
[2023-11-23T18:28:11.894+0000] {taskinstance.py:1281} INFO - 
--------------------------------------------------------------------------------
[2023-11-23T18:28:11.918+0000] {taskinstance.py:1300} INFO - Executing <Task(PythonOperator): extrair_logs_dag_conexao> on 2023-11-23 18:28:08.526678+00:00
[2023-11-23T18:28:11.926+0000] {standard_task_runner.py:55} INFO - Started process 919 to run task
[2023-11-23T18:28:11.929+0000] {standard_task_runner.py:82} INFO - Running: ['***', 'tasks', 'run', 'extrair_logs_***', 'extrair_logs_dag_conexao', 'manual__2023-11-23T18:28:08.526678+00:00', '--job-id', '30', '--raw', '--subdir', 'DAGS_FOLDER/__pycache__/get_dags_inventary.py', '--cfg-path', '/tmp/tmpey0x9mwl']
[2023-11-23T18:28:11.932+0000] {standard_task_runner.py:83} INFO - Job 30: Subtask extrair_logs_dag_conexao
[2023-11-23T18:28:12.066+0000] {task_command.py:388} INFO - Running <TaskInstance: extrair_logs_airflow.extrair_logs_dag_conexao manual__2023-11-23T18:28:08.526678+00:00 [running]> on host 7f610a3e2413
[2023-11-23T18:28:12.197+0000] {taskinstance.py:1509} INFO - Exporting the following env vars:
AIRFLOW_CTX_DAG_OWNER=***
AIRFLOW_CTX_DAG_ID=extrair_logs_***
AIRFLOW_CTX_TASK_ID=extrair_logs_dag_conexao
AIRFLOW_CTX_EXECUTION_DATE=2023-11-23T18:28:08.526678+00:00
AIRFLOW_CTX_TRY_NUMBER=1
AIRFLOW_CTX_DAG_RUN_ID=manual__2023-11-23T18:28:08.526678+00:00
[2023-11-23T18:28:12.200+0000] {python.py:177} INFO - Done. Returned value was: None
[2023-11-23T18:28:12.213+0000] {taskinstance.py:1323} INFO - Marking task as SUCCESS. dag_id=extrair_logs_***, task_id=extrair_logs_dag_conexao, execution_date=20231123T182808, start_date=20231123T182811, end_date=20231123T182812
[2023-11-23T18:28:12.262+0000] {local_task_job.py:208} INFO - Task exited with return code 0
[2023-11-23T18:28:12.289+0000] {taskinstance.py:2578} INFO - 1 downstream tasks scheduled from follow-on schedule check
