[2023-11-23T15:53:35.032+0000] {taskinstance.py:1083} INFO - Dependencies all met for <TaskInstance: conectar_banco_dados.extrair_logs_scheduler manual__2023-11-23T15:53:30.085919+00:00 [queued]>
[2023-11-23T15:53:35.044+0000] {taskinstance.py:1083} INFO - Dependencies all met for <TaskInstance: conectar_banco_dados.extrair_logs_scheduler manual__2023-11-23T15:53:30.085919+00:00 [queued]>
[2023-11-23T15:53:35.044+0000] {taskinstance.py:1279} INFO - 
--------------------------------------------------------------------------------
[2023-11-23T15:53:35.044+0000] {taskinstance.py:1280} INFO - Starting attempt 1 of 2
[2023-11-23T15:53:35.044+0000] {taskinstance.py:1281} INFO - 
--------------------------------------------------------------------------------
[2023-11-23T15:53:35.068+0000] {taskinstance.py:1300} INFO - Executing <Task(PythonOperator): extrair_logs_scheduler> on 2023-11-23 15:53:30.085919+00:00
[2023-11-23T15:53:35.077+0000] {standard_task_runner.py:55} INFO - Started process 1068 to run task
[2023-11-23T15:53:35.080+0000] {standard_task_runner.py:82} INFO - Running: ['***', 'tasks', 'run', 'conectar_banco_dados', 'extrair_logs_scheduler', 'manual__2023-11-23T15:53:30.085919+00:00', '--job-id', '8', '--raw', '--subdir', 'DAGS_FOLDER/__pycache__/get_dags_inventary.py', '--cfg-path', '/tmp/tmppcem36qn']
[2023-11-23T15:53:35.082+0000] {standard_task_runner.py:83} INFO - Job 8: Subtask extrair_logs_scheduler
[2023-11-23T15:53:35.153+0000] {task_command.py:388} INFO - Running <TaskInstance: conectar_banco_dados.extrair_logs_scheduler manual__2023-11-23T15:53:30.085919+00:00 [running]> on host 05cd78f29c0d
[2023-11-23T15:53:35.226+0000] {taskinstance.py:1509} INFO - Exporting the following env vars:
AIRFLOW_CTX_DAG_OWNER=***
AIRFLOW_CTX_DAG_ID=conectar_banco_dados
AIRFLOW_CTX_TASK_ID=extrair_logs_scheduler
AIRFLOW_CTX_EXECUTION_DATE=2023-11-23T15:53:30.085919+00:00
AIRFLOW_CTX_TRY_NUMBER=1
AIRFLOW_CTX_DAG_RUN_ID=manual__2023-11-23T15:53:30.085919+00:00
[2023-11-23T15:53:35.232+0000] {logging_mixin.py:137} INFO - Logs salvos como CSV em: /opt/***/data/logs_scheduler.csv
[2023-11-23T15:53:35.232+0000] {python.py:177} INFO - Done. Returned value was: None
[2023-11-23T15:53:35.246+0000] {taskinstance.py:1323} INFO - Marking task as SUCCESS. dag_id=conectar_banco_dados, task_id=extrair_logs_scheduler, execution_date=20231123T155330, start_date=20231123T155335, end_date=20231123T155335
[2023-11-23T15:53:35.292+0000] {local_task_job.py:208} INFO - Task exited with return code 0
[2023-11-23T15:53:35.309+0000] {taskinstance.py:2578} INFO - 0 downstream tasks scheduled from follow-on schedule check

[2023-11-23T15:53:35.032+0000] {taskinstance.py:1083} INFO - Dependencies all met for <TaskInstance: conectar_banco_dados.extrair_logs_scheduler manual__2023-11-23T15:53:30.085919+00:00 [queued]>
[2023-11-23T15:53:35.044+0000] {taskinstance.py:1083} INFO - Dependencies all met for <TaskInstance: conectar_banco_dados.extrair_logs_scheduler manual__2023-11-23T15:53:30.085919+00:00 [queued]>
[2023-11-23T15:53:35.044+0000] {taskinstance.py:1279} INFO - 
--------------------------------------------------------------------------------
[2023-11-23T15:53:35.044+0000] {taskinstance.py:1280} INFO - Starting attempt 1 of 2
[2023-11-23T15:53:35.044+0000] {taskinstance.py:1281} INFO - 
--------------------------------------------------------------------------------
[2023-11-23T15:53:35.068+0000] {taskinstance.py:1300} INFO - Executing <Task(PythonOperator): extrair_logs_scheduler> on 2023-11-23 15:53:30.085919+00:00
[2023-11-23T15:53:35.077+0000] {standard_task_runner.py:55} INFO - Started process 1068 to run task
[2023-11-23T15:53:35.080+0000] {standard_task_runner.py:82} INFO - Running: ['***', 'tasks', 'run', 'conectar_banco_dados', 'extrair_logs_scheduler', 'manual__2023-11-23T15:53:30.085919+00:00', '--job-id', '8', '--raw', '--subdir', 'DAGS_FOLDER/__pycache__/get_dags_inventary.py', '--cfg-path', '/tmp/tmppcem36qn']
[2023-11-23T15:53:35.082+0000] {standard_task_runner.py:83} INFO - Job 8: Subtask extrair_logs_scheduler
[2023-11-23T15:53:35.153+0000] {task_command.py:388} INFO - Running <TaskInstance: conectar_banco_dados.extrair_logs_scheduler manual__2023-11-23T15:53:30.085919+00:00 [running]> on host 05cd78f29c0d
[2023-11-23T15:53:35.226+0000] {taskinstance.py:1509} INFO - Exporting the following env vars:
AIRFLOW_CTX_DAG_OWNER=***
AIRFLOW_CTX_DAG_ID=conectar_banco_dados
AIRFLOW_CTX_TASK_ID=extrair_logs_scheduler
AIRFLOW_CTX_EXECUTION_DATE=2023-11-23T15:53:30.085919+00:00
AIRFLOW_CTX_TRY_NUMBER=1
AIRFLOW_CTX_DAG_RUN_ID=manual__2023-11-23T15:53:30.085919+00:00
[2023-11-23T15:53:35.232+0000] {logging_mixin.py:137} INFO - Logs salvos como CSV em: /opt/***/data/logs_scheduler.csv
[2023-11-23T15:53:35.232+0000] {python.py:177} INFO - Done. Returned value was: None
[2023-11-23T15:53:35.246+0000] {taskinstance.py:1323} INFO - Marking task as SUCCESS. dag_id=conectar_banco_dados, task_id=extrair_logs_scheduler, execution_date=20231123T155330, start_date=20231123T155335, end_date=20231123T155335
[2023-11-23T15:53:35.292+0000] {local_task_job.py:208} INFO - Task exited with return code 0
[2023-11-23T15:53:35.309+0000] {taskinstance.py:2578} INFO - 0 downstream tasks scheduled from follow-on schedule check
