[2023-11-23T17:05:15.672+0000] {taskinstance.py:1083} INFO - Dependencies all met for <TaskInstance: extrair_logs_airflow.extrair_logs_dag_conexao manual__2023-11-23T16:01:59.762109+00:00 [queued]>
[2023-11-23T17:05:15.683+0000] {taskinstance.py:1083} INFO - Dependencies all met for <TaskInstance: extrair_logs_airflow.extrair_logs_dag_conexao manual__2023-11-23T16:01:59.762109+00:00 [queued]>
[2023-11-23T17:05:15.683+0000] {taskinstance.py:1279} INFO - 
--------------------------------------------------------------------------------
[2023-11-23T17:05:15.683+0000] {taskinstance.py:1280} INFO - Starting attempt 6 of 7
[2023-11-23T17:05:15.683+0000] {taskinstance.py:1281} INFO - 
--------------------------------------------------------------------------------
[2023-11-23T17:05:15.697+0000] {taskinstance.py:1300} INFO - Executing <Task(PythonOperator): extrair_logs_dag_conexao> on 2023-11-23 16:01:59.762109+00:00
[2023-11-23T17:05:15.703+0000] {standard_task_runner.py:55} INFO - Started process 5183 to run task
[2023-11-23T17:05:15.706+0000] {standard_task_runner.py:82} INFO - Running: ['***', 'tasks', 'run', 'extrair_logs_***', 'extrair_logs_dag_conexao', 'manual__2023-11-23T16:01:59.762109+00:00', '--job-id', '22', '--raw', '--subdir', 'DAGS_FOLDER/__pycache__/get_dags_inventary.py', '--cfg-path', '/tmp/tmp3ywj3kag']
[2023-11-23T17:05:15.707+0000] {standard_task_runner.py:83} INFO - Job 22: Subtask extrair_logs_dag_conexao
[2023-11-23T17:05:15.770+0000] {task_command.py:388} INFO - Running <TaskInstance: extrair_logs_airflow.extrair_logs_dag_conexao manual__2023-11-23T16:01:59.762109+00:00 [running]> on host 05cd78f29c0d
[2023-11-23T17:05:15.852+0000] {taskinstance.py:1509} INFO - Exporting the following env vars:
AIRFLOW_CTX_DAG_OWNER=***
AIRFLOW_CTX_DAG_ID=extrair_logs_***
AIRFLOW_CTX_TASK_ID=extrair_logs_dag_conexao
AIRFLOW_CTX_EXECUTION_DATE=2023-11-23T16:01:59.762109+00:00
AIRFLOW_CTX_TRY_NUMBER=6
AIRFLOW_CTX_DAG_RUN_ID=manual__2023-11-23T16:01:59.762109+00:00
[2023-11-23T17:05:15.857+0000] {python.py:177} INFO - Done. Returned value was: None
[2023-11-23T17:05:15.868+0000] {taskinstance.py:1323} INFO - Marking task as SUCCESS. dag_id=extrair_logs_***, task_id=extrair_logs_dag_conexao, execution_date=20231123T160159, start_date=20231123T170515, end_date=20231123T170515
[2023-11-23T17:05:15.919+0000] {local_task_job.py:208} INFO - Task exited with return code 0
[2023-11-23T17:05:15.937+0000] {taskinstance.py:2578} INFO - 0 downstream tasks scheduled from follow-on schedule check
