[2023-11-23T19:13:34.515+0000] {taskinstance.py:1083} INFO - Dependencies all met for <TaskInstance: extrair_logs_airflow.process_logs_dag_conexao manual__2023-11-23T18:28:08.526678+00:00 [queued]>
[2023-11-23T19:13:34.528+0000] {taskinstance.py:1083} INFO - Dependencies all met for <TaskInstance: extrair_logs_airflow.process_logs_dag_conexao manual__2023-11-23T18:28:08.526678+00:00 [queued]>
[2023-11-23T19:13:34.528+0000] {taskinstance.py:1279} INFO - 
--------------------------------------------------------------------------------
[2023-11-23T19:13:34.528+0000] {taskinstance.py:1280} INFO - Starting attempt 3 of 4
[2023-11-23T19:13:34.529+0000] {taskinstance.py:1281} INFO - 
--------------------------------------------------------------------------------
[2023-11-23T19:13:34.549+0000] {taskinstance.py:1300} INFO - Executing <Task(PythonOperator): process_logs_dag_conexao> on 2023-11-23 18:28:08.526678+00:00
[2023-11-23T19:13:34.556+0000] {standard_task_runner.py:55} INFO - Started process 466 to run task
[2023-11-23T19:13:34.561+0000] {standard_task_runner.py:82} INFO - Running: ['***', 'tasks', 'run', 'extrair_logs_***', 'process_logs_dag_conexao', 'manual__2023-11-23T18:28:08.526678+00:00', '--job-id', '38', '--raw', '--subdir', 'DAGS_FOLDER/__pycache__/get_dags_inventary.py', '--cfg-path', '/tmp/tmpodwk8010']
[2023-11-23T19:13:34.563+0000] {standard_task_runner.py:83} INFO - Job 38: Subtask process_logs_dag_conexao
[2023-11-23T19:13:34.645+0000] {task_command.py:388} INFO - Running <TaskInstance: extrair_logs_airflow.process_logs_dag_conexao manual__2023-11-23T18:28:08.526678+00:00 [running]> on host 0d98f2b59e8b
[2023-11-23T19:13:34.736+0000] {taskinstance.py:1509} INFO - Exporting the following env vars:
AIRFLOW_CTX_DAG_OWNER=***
AIRFLOW_CTX_DAG_ID=extrair_logs_***
AIRFLOW_CTX_TASK_ID=process_logs_dag_conexao
AIRFLOW_CTX_EXECUTION_DATE=2023-11-23T18:28:08.526678+00:00
AIRFLOW_CTX_TRY_NUMBER=3
AIRFLOW_CTX_DAG_RUN_ID=manual__2023-11-23T18:28:08.526678+00:00
[2023-11-23T19:13:34.994+0000] {python.py:177} INFO - Done. Returned value was: None
[2023-11-23T19:13:35.007+0000] {taskinstance.py:1323} INFO - Marking task as SUCCESS. dag_id=extrair_logs_***, task_id=process_logs_dag_conexao, execution_date=20231123T182808, start_date=20231123T191334, end_date=20231123T191335
[2023-11-23T19:13:35.052+0000] {local_task_job.py:208} INFO - Task exited with return code 0
[2023-11-23T19:13:35.075+0000] {taskinstance.py:2578} INFO - 0 downstream tasks scheduled from follow-on schedule check
