[2023-11-23T19:11:17.428+0000] {taskinstance.py:1083} INFO - Dependencies all met for <TaskInstance: extrair_logs_airflow.process_logs_dag_conexao manual__2023-11-23T18:28:08.526678+00:00 [queued]>
[2023-11-23T19:11:17.442+0000] {taskinstance.py:1083} INFO - Dependencies all met for <TaskInstance: extrair_logs_airflow.process_logs_dag_conexao manual__2023-11-23T18:28:08.526678+00:00 [queued]>
[2023-11-23T19:11:17.442+0000] {taskinstance.py:1279} INFO - 
--------------------------------------------------------------------------------
[2023-11-23T19:11:17.443+0000] {taskinstance.py:1280} INFO - Starting attempt 2 of 3
[2023-11-23T19:11:17.443+0000] {taskinstance.py:1281} INFO - 
--------------------------------------------------------------------------------
[2023-11-23T19:11:17.474+0000] {taskinstance.py:1300} INFO - Executing <Task(PythonOperator): process_logs_dag_conexao> on 2023-11-23 18:28:08.526678+00:00
[2023-11-23T19:11:17.485+0000] {standard_task_runner.py:55} INFO - Started process 337 to run task
[2023-11-23T19:11:17.491+0000] {standard_task_runner.py:82} INFO - Running: ['***', 'tasks', 'run', 'extrair_logs_***', 'process_logs_dag_conexao', 'manual__2023-11-23T18:28:08.526678+00:00', '--job-id', '35', '--raw', '--subdir', 'DAGS_FOLDER/__pycache__/get_dags_inventary.py', '--cfg-path', '/tmp/tmpler7l9y3']
[2023-11-23T19:11:17.495+0000] {standard_task_runner.py:83} INFO - Job 35: Subtask process_logs_dag_conexao
[2023-11-23T19:11:17.566+0000] {task_command.py:388} INFO - Running <TaskInstance: extrair_logs_airflow.process_logs_dag_conexao manual__2023-11-23T18:28:08.526678+00:00 [running]> on host 0d98f2b59e8b
[2023-11-23T19:11:17.687+0000] {taskinstance.py:1509} INFO - Exporting the following env vars:
AIRFLOW_CTX_DAG_OWNER=***
AIRFLOW_CTX_DAG_ID=extrair_logs_***
AIRFLOW_CTX_TASK_ID=process_logs_dag_conexao
AIRFLOW_CTX_EXECUTION_DATE=2023-11-23T18:28:08.526678+00:00
AIRFLOW_CTX_TRY_NUMBER=2
AIRFLOW_CTX_DAG_RUN_ID=manual__2023-11-23T18:28:08.526678+00:00
[2023-11-23T19:11:18.062+0000] {python.py:177} INFO - Done. Returned value was: None
[2023-11-23T19:11:18.137+0000] {taskinstance.py:1323} INFO - Marking task as SUCCESS. dag_id=extrair_logs_***, task_id=process_logs_dag_conexao, execution_date=20231123T182808, start_date=20231123T191117, end_date=20231123T191118
[2023-11-23T19:11:18.470+0000] {local_task_job.py:208} INFO - Task exited with return code 0
[2023-11-23T19:11:18.503+0000] {taskinstance.py:2578} INFO - 0 downstream tasks scheduled from follow-on schedule check
