[2023-11-23T17:38:12.815+0000] {manager.py:483} INFO - Processing files using up to 2 processes at a time 
[2023-11-23T17:38:12.819+0000] {manager.py:484} INFO - Process each file at most once every 30 seconds
[2023-11-23T17:38:12.820+0000] {manager.py:486} INFO - Checking for new files in /opt/airflow/dags every 20 seconds
[2023-11-23T17:38:12.820+0000] {manager.py:726} INFO - Searching for files in /opt/airflow/dags
[2023-11-23T17:38:12.826+0000] {manager.py:729} INFO - There are 1 files in /opt/airflow/dags
[2023-11-23T17:38:12.975+0000] {manager.py:854} INFO - 
================================================================================
DAG File Processing Stats

File Path                                              PID  Runtime      # DAGs    # Errors  Last Runtime    Last Run
---------------------------------------------------  -----  ---------  --------  ----------  --------------  ----------
/opt/airflow/dags/__pycache__/get_dags_inventary.py     45  0.05s             0           0
================================================================================
[2023-11-23T17:38:33.212+0000] {manager.py:726} INFO - Searching for files in /opt/airflow/dags
[2023-11-23T17:38:33.213+0000] {manager.py:729} INFO - There are 1 files in /opt/airflow/dags
[2023-11-23T17:38:43.289+0000] {manager.py:854} INFO - 
================================================================================
DAG File Processing Stats

File Path                                            PID    Runtime      # DAGs    # Errors  Last Runtime    Last Run
---------------------------------------------------  -----  ---------  --------  ----------  --------------  -------------------
/opt/airflow/dags/__pycache__/get_dags_inventary.py                           1           0  0.40s           2023-11-23T17:38:13
================================================================================
[2023-11-23T17:38:53.341+0000] {manager.py:726} INFO - Searching for files in /opt/airflow/dags
[2023-11-23T17:38:53.343+0000] {manager.py:729} INFO - There are 1 files in /opt/airflow/dags
[2023-11-23T17:39:13.429+0000] {manager.py:726} INFO - Searching for files in /opt/airflow/dags
[2023-11-23T17:39:13.430+0000] {manager.py:729} INFO - There are 1 files in /opt/airflow/dags
[2023-11-23T17:39:13.436+0000] {manager.py:854} INFO - 
================================================================================
DAG File Processing Stats

File Path                                            PID    Runtime      # DAGs    # Errors  Last Runtime    Last Run
---------------------------------------------------  -----  ---------  --------  ----------  --------------  -------------------
/opt/airflow/dags/__pycache__/get_dags_inventary.py                           1           0  0.18s           2023-11-23T17:38:44
================================================================================
[2023-11-23T17:39:33.662+0000] {manager.py:726} INFO - Searching for files in /opt/airflow/dags
[2023-11-23T17:39:33.664+0000] {manager.py:729} INFO - There are 1 files in /opt/airflow/dags
[2023-11-23T17:39:43.721+0000] {manager.py:854} INFO - 
================================================================================
DAG File Processing Stats

File Path                                            PID    Runtime      # DAGs    # Errors  Last Runtime    Last Run
---------------------------------------------------  -----  ---------  --------  ----------  --------------  -------------------
/opt/airflow/dags/__pycache__/get_dags_inventary.py                           1           0  0.12s           2023-11-23T17:39:14
================================================================================
[2023-11-23T17:39:53.837+0000] {manager.py:726} INFO - Searching for files in /opt/airflow/dags
[2023-11-23T17:39:53.838+0000] {manager.py:729} INFO - There are 1 files in /opt/airflow/dags
[2023-11-23T17:40:13.938+0000] {manager.py:726} INFO - Searching for files in /opt/airflow/dags
[2023-11-23T17:40:13.940+0000] {manager.py:729} INFO - There are 1 files in /opt/airflow/dags
[2023-11-23T17:40:13.952+0000] {manager.py:854} INFO - 
================================================================================
DAG File Processing Stats

File Path                                            PID    Runtime      # DAGs    # Errors  Last Runtime    Last Run
---------------------------------------------------  -----  ---------  --------  ----------  --------------  -------------------
/opt/airflow/dags/__pycache__/get_dags_inventary.py                           1           0  0.10s           2023-11-23T17:39:44
================================================================================
[2023-11-23T17:40:34.060+0000] {manager.py:726} INFO - Searching for files in /opt/airflow/dags
[2023-11-23T17:40:34.061+0000] {manager.py:729} INFO - There are 1 files in /opt/airflow/dags
[2023-11-23T17:40:44.103+0000] {manager.py:854} INFO - 
================================================================================
DAG File Processing Stats

File Path                                            PID    Runtime      # DAGs    # Errors  Last Runtime    Last Run
---------------------------------------------------  -----  ---------  --------  ----------  --------------  -------------------
/opt/airflow/dags/__pycache__/get_dags_inventary.py                           1           0  0.50s           2023-11-23T17:40:15
================================================================================
[2023-11-23T17:40:55.040+0000] {manager.py:726} INFO - Searching for files in /opt/airflow/dags
[2023-11-23T17:40:55.042+0000] {manager.py:729} INFO - There are 1 files in /opt/airflow/dags
[2023-11-23T17:41:14.139+0000] {manager.py:854} INFO - 
================================================================================
DAG File Processing Stats

File Path                                            PID    Runtime      # DAGs    # Errors  Last Runtime    Last Run
---------------------------------------------------  -----  ---------  --------  ----------  --------------  -------------------
/opt/airflow/dags/__pycache__/get_dags_inventary.py                           1           0  0.22s           2023-11-23T17:40:48
================================================================================
[2023-11-23T17:41:15.144+0000] {manager.py:726} INFO - Searching for files in /opt/airflow/dags
[2023-11-23T17:41:15.145+0000] {manager.py:729} INFO - There are 1 files in /opt/airflow/dags
[2023-11-23T17:41:35.246+0000] {manager.py:726} INFO - Searching for files in /opt/airflow/dags
[2023-11-23T17:41:35.247+0000] {manager.py:729} INFO - There are 1 files in /opt/airflow/dags
[2023-11-23T17:41:44.294+0000] {manager.py:854} INFO - 
================================================================================
DAG File Processing Stats

File Path                                            PID    Runtime      # DAGs    # Errors  Last Runtime    Last Run
---------------------------------------------------  -----  ---------  --------  ----------  --------------  -------------------
/opt/airflow/dags/__pycache__/get_dags_inventary.py                           1           0  0.12s           2023-11-23T17:41:19
================================================================================
[2023-11-23T17:41:55.432+0000] {manager.py:726} INFO - Searching for files in /opt/airflow/dags
[2023-11-23T17:41:55.435+0000] {manager.py:729} INFO - There are 1 files in /opt/airflow/dags
[2023-11-23T17:42:14.537+0000] {manager.py:854} INFO - 
================================================================================
DAG File Processing Stats

File Path                                            PID    Runtime      # DAGs    # Errors  Last Runtime    Last Run
---------------------------------------------------  -----  ---------  --------  ----------  --------------  -------------------
/opt/airflow/dags/__pycache__/get_dags_inventary.py                           1           0  0.10s           2023-11-23T17:41:49
================================================================================
[2023-11-23T17:42:15.541+0000] {manager.py:726} INFO - Searching for files in /opt/airflow/dags
[2023-11-23T17:42:15.542+0000] {manager.py:729} INFO - There are 1 files in /opt/airflow/dags
[2023-11-23T17:42:35.646+0000] {manager.py:726} INFO - Searching for files in /opt/airflow/dags
[2023-11-23T17:42:35.647+0000] {manager.py:729} INFO - There are 1 files in /opt/airflow/dags
[2023-11-23T17:42:44.690+0000] {manager.py:854} INFO - 
================================================================================
DAG File Processing Stats

File Path                                            PID    Runtime      # DAGs    # Errors  Last Runtime    Last Run
---------------------------------------------------  -----  ---------  --------  ----------  --------------  -------------------
/opt/airflow/dags/__pycache__/get_dags_inventary.py                           1           0  0.19s           2023-11-23T17:42:19
================================================================================
[2023-11-23T17:42:55.894+0000] {manager.py:726} INFO - Searching for files in /opt/airflow/dags
[2023-11-23T17:42:55.895+0000] {manager.py:729} INFO - There are 1 files in /opt/airflow/dags
[2023-11-23T17:43:15.013+0000] {manager.py:854} INFO - 
================================================================================
DAG File Processing Stats

File Path                                            PID    Runtime      # DAGs    # Errors  Last Runtime    Last Run
---------------------------------------------------  -----  ---------  --------  ----------  --------------  -------------------
/opt/airflow/dags/__pycache__/get_dags_inventary.py                           1           0  0.10s           2023-11-23T17:42:49
================================================================================
[2023-11-23T17:43:16.019+0000] {manager.py:726} INFO - Searching for files in /opt/airflow/dags
[2023-11-23T17:43:16.021+0000] {manager.py:729} INFO - There are 1 files in /opt/airflow/dags
[2023-11-23T17:43:36.194+0000] {manager.py:726} INFO - Searching for files in /opt/airflow/dags
[2023-11-23T17:43:36.196+0000] {manager.py:729} INFO - There are 1 files in /opt/airflow/dags
[2023-11-23T17:43:45.273+0000] {manager.py:854} INFO - 
================================================================================
DAG File Processing Stats

File Path                                            PID    Runtime      # DAGs    # Errors  Last Runtime    Last Run
---------------------------------------------------  -----  ---------  --------  ----------  --------------  -------------------
/opt/airflow/dags/__pycache__/get_dags_inventary.py                           1           0  0.10s           2023-11-23T17:43:20
================================================================================
[2023-11-23T17:43:56.337+0000] {manager.py:726} INFO - Searching for files in /opt/airflow/dags
[2023-11-23T17:43:56.338+0000] {manager.py:729} INFO - There are 1 files in /opt/airflow/dags
[2023-11-23T17:44:15.447+0000] {manager.py:854} INFO - 
================================================================================
DAG File Processing Stats

File Path                                            PID    Runtime      # DAGs    # Errors  Last Runtime    Last Run
---------------------------------------------------  -----  ---------  --------  ----------  --------------  -------------------
/opt/airflow/dags/__pycache__/get_dags_inventary.py                           1           0  0.20s           2023-11-23T17:43:50
================================================================================
[2023-11-23T17:44:16.450+0000] {manager.py:726} INFO - Searching for files in /opt/airflow/dags
[2023-11-23T17:44:16.451+0000] {manager.py:729} INFO - There are 1 files in /opt/airflow/dags
[2023-11-23T17:44:36.738+0000] {manager.py:726} INFO - Searching for files in /opt/airflow/dags
[2023-11-23T17:44:36.739+0000] {manager.py:729} INFO - There are 1 files in /opt/airflow/dags
[2023-11-23T17:44:45.791+0000] {manager.py:854} INFO - 
================================================================================
DAG File Processing Stats

File Path                                            PID    Runtime      # DAGs    # Errors  Last Runtime    Last Run
---------------------------------------------------  -----  ---------  --------  ----------  --------------  -------------------
/opt/airflow/dags/__pycache__/get_dags_inventary.py                           1           0  0.21s           2023-11-23T17:44:20
================================================================================
[2023-11-23T17:44:56.978+0000] {manager.py:726} INFO - Searching for files in /opt/airflow/dags
[2023-11-23T17:44:56.980+0000] {manager.py:729} INFO - There are 1 files in /opt/airflow/dags
[2023-11-23T17:45:16.059+0000] {manager.py:854} INFO - 
================================================================================
DAG File Processing Stats

File Path                                            PID    Runtime      # DAGs    # Errors  Last Runtime    Last Run
---------------------------------------------------  -----  ---------  --------  ----------  --------------  -------------------
/opt/airflow/dags/__pycache__/get_dags_inventary.py                           1           0  0.17s           2023-11-23T17:44:51
================================================================================
[2023-11-23T17:45:17.067+0000] {manager.py:726} INFO - Searching for files in /opt/airflow/dags
[2023-11-23T17:45:17.068+0000] {manager.py:729} INFO - There are 1 files in /opt/airflow/dags
[2023-11-23T17:45:37.290+0000] {manager.py:726} INFO - Searching for files in /opt/airflow/dags
[2023-11-23T17:45:37.291+0000] {manager.py:729} INFO - There are 1 files in /opt/airflow/dags
[2023-11-23T17:45:46.331+0000] {manager.py:854} INFO - 
================================================================================
DAG File Processing Stats

File Path                                            PID    Runtime      # DAGs    # Errors  Last Runtime    Last Run
---------------------------------------------------  -----  ---------  --------  ----------  --------------  -------------------
/opt/airflow/dags/__pycache__/get_dags_inventary.py                           1           0  0.22s           2023-11-23T17:45:21
================================================================================
[2023-11-23T17:45:57.606+0000] {manager.py:726} INFO - Searching for files in /opt/airflow/dags
[2023-11-23T17:45:57.608+0000] {manager.py:729} INFO - There are 1 files in /opt/airflow/dags
[2023-11-23T17:46:16.706+0000] {manager.py:854} INFO - 
================================================================================
DAG File Processing Stats

File Path                                            PID    Runtime      # DAGs    # Errors  Last Runtime    Last Run
---------------------------------------------------  -----  ---------  --------  ----------  --------------  -------------------
/opt/airflow/dags/__pycache__/get_dags_inventary.py                           1           0  0.11s           2023-11-23T17:45:51
================================================================================
[2023-11-23T17:46:17.710+0000] {manager.py:726} INFO - Searching for files in /opt/airflow/dags
[2023-11-23T17:46:17.711+0000] {manager.py:729} INFO - There are 1 files in /opt/airflow/dags
